  LR2.cpp
C:\Users\Ivan\Documents\GitHub\InfoBes\LR2\LR2\LR2\LR2.cpp(18,33): warning C4566: character represented by universal-character-name '\u041D' cannot be represented in the current code page (1252)
C:\Users\Ivan\Documents\GitHub\InfoBes\LR2\LR2\LR2\LR2.cpp(18,33): warning C4566: character represented by universal-character-name '\u0430' cannot be represented in the current code page (1252)
C:\Users\Ivan\Documents\GitHub\InfoBes\LR2\LR2\LR2\LR2.cpp(18,33): warning C4566: character represented by universal-character-name '\u0440' cannot be represented in the current code page (1252)
C:\Users\Ivan\Documents\GitHub\InfoBes\LR2\LR2\LR2\LR2.cpp(18,33): warning C4566: character represented by universal-character-name '\u0443' cannot be represented in the current code page (1252)
C:\Users\Ivan\Documents\GitHub\InfoBes\LR2\LR2\LR2\LR2.cpp(18,33): warning C4566: character represented by universal-character-name '\u0448' cannot be represented in the current code page (1252)
C:\Users\Ivan\Documents\GitHub\InfoBes\LR2\LR2\LR2\LR2.cpp(18,33): warning C4566: character represented by universal-character-name '\u0435' cannot be represented in the current code page (1252)
C:\Users\Ivan\Documents\GitHub\InfoBes\LR2\LR2\LR2\LR2.cpp(18,33): warning C4566: character represented by universal-character-name '\u043D' cannot be represented in the current code page (1252)
C:\Users\Ivan\Documents\GitHub\InfoBes\LR2\LR2\LR2\LR2.cpp(18,33): warning C4566: character represented by universal-character-name '\u0438' cannot be represented in the current code page (1252)
C:\Users\Ivan\Documents\GitHub\InfoBes\LR2\LR2\LR2\LR2.cpp(18,33): warning C4566: character represented by universal-character-name '\u043F' cannot be represented in the current code page (1252)
C:\Users\Ivan\Documents\GitHub\InfoBes\LR2\LR2\LR2\LR2.cpp(18,33): warning C4566: character represented by universal-character-name '\u0432' cannot be represented in the current code page (1252)
C:\Users\Ivan\Documents\GitHub\InfoBes\LR2\LR2\LR2\LR2.cpp(18,33): warning C4566: character represented by universal-character-name '\u043B' cannot be represented in the current code page (1252)
C:\Users\Ivan\Documents\GitHub\InfoBes\LR2\LR2\LR2\LR2.cpp(18,33): warning C4566: character represented by universal-character-name '\u0447' cannot be represented in the current code page (1252)
C:\Users\Ivan\Documents\GitHub\InfoBes\LR2\LR2\LR2\LR2.cpp(18,33): warning C4566: character represented by universal-character-name '\u0442' cannot be represented in the current code page (1252)
C:\Users\Ivan\Documents\GitHub\InfoBes\LR2\LR2\LR2\LR2.cpp(18,33): warning C4566: character represented by universal-character-name '\u044F' cannot be represented in the current code page (1252)
C:\Users\Ivan\Documents\GitHub\InfoBes\LR2\LR2\LR2\LR2.cpp(18,33): warning C4566: character represented by universal-character-name '\u0434' cannot be represented in the current code page (1252)
C:\Users\Ivan\Documents\GitHub\InfoBes\LR2\LR2\LR2\LR2.cpp(18,33): warning C4566: character represented by universal-character-name '\u0441' cannot be represented in the current code page (1252)
C:\Users\Ivan\Documents\GitHub\InfoBes\LR2\LR2\LR2\LR2.cpp(18,33): warning C4566: character represented by universal-character-name '\u0431' cannot be represented in the current code page (1252)
C:\Users\Ivan\Documents\GitHub\InfoBes\LR2\LR2\LR2\LR2.cpp(18,33): warning C4566: character represented by universal-character-name '\u044A' cannot be represented in the current code page (1252)
C:\Users\Ivan\Documents\GitHub\InfoBes\LR2\LR2\LR2\LR2.cpp(18,33): warning C4566: character represented by universal-character-name '\u043A' cannot be represented in the current code page (1252)
C:\Users\Ivan\Documents\GitHub\InfoBes\LR2\LR2\LR2\LR2.cpp(18,122): warning C4566: character represented by universal-character-name '\u0438' cannot be represented in the current code page (1252)
C:\Users\Ivan\Documents\GitHub\InfoBes\LR2\LR2\LR2\LR2.cpp(18,122): warning C4566: character represented by universal-character-name '\u043E' cannot be represented in the current code page (1252)
C:\Users\Ivan\Documents\GitHub\InfoBes\LR2\LR2\LR2\LR2.cpp(18,122): warning C4566: character represented by universal-character-name '\u0431' cannot be represented in the current code page (1252)
C:\Users\Ivan\Documents\GitHub\InfoBes\LR2\LR2\LR2\LR2.cpp(18,122): warning C4566: character represented by universal-character-name '\u044A' cannot be represented in the current code page (1252)
C:\Users\Ivan\Documents\GitHub\InfoBes\LR2\LR2\LR2\LR2.cpp(18,122): warning C4566: character represented by universal-character-name '\u0435' cannot be represented in the current code page (1252)
C:\Users\Ivan\Documents\GitHub\InfoBes\LR2\LR2\LR2\LR2.cpp(18,122): warning C4566: character represented by universal-character-name '\u043A' cannot be represented in the current code page (1252)
C:\Users\Ivan\Documents\GitHub\InfoBes\LR2\LR2\LR2\LR2.cpp(18,122): warning C4566: character represented by universal-character-name '\u0442' cannot be represented in the current code page (1252)
C:\Users\Ivan\Documents\GitHub\InfoBes\LR2\LR2\LR2\LR2.cpp(18,122): warning C4566: character represented by universal-character-name '\u0430' cannot be represented in the current code page (1252)
C:\Users\Ivan\Documents\GitHub\InfoBes\LR2\LR2\LR2\LR2.cpp(25,33): warning C4566: character represented by universal-character-name '\u041D' cannot be represented in the current code page (1252)
C:\Users\Ivan\Documents\GitHub\InfoBes\LR2\LR2\LR2\LR2.cpp(25,33): warning C4566: character represented by universal-character-name '\u0430' cannot be represented in the current code page (1252)
C:\Users\Ivan\Documents\GitHub\InfoBes\LR2\LR2\LR2\LR2.cpp(25,33): warning C4566: character represented by universal-character-name '\u0440' cannot be represented in the current code page (1252)
C:\Users\Ivan\Documents\GitHub\InfoBes\LR2\LR2\LR2\LR2.cpp(25,33): warning C4566: character represented by universal-character-name '\u0443' cannot be represented in the current code page (1252)
C:\Users\Ivan\Documents\GitHub\InfoBes\LR2\LR2\LR2\LR2.cpp(25,33): warning C4566: character represented by universal-character-name '\u0448' cannot be represented in the current code page (1252)
C:\Users\Ivan\Documents\GitHub\InfoBes\LR2\LR2\LR2\LR2.cpp(25,33): warning C4566: character represented by universal-character-name '\u0435' cannot be represented in the current code page (1252)
C:\Users\Ivan\Documents\GitHub\InfoBes\LR2\LR2\LR2\LR2.cpp(25,33): warning C4566: character represented by universal-character-name '\u043D' cannot be represented in the current code page (1252)
C:\Users\Ivan\Documents\GitHub\InfoBes\LR2\LR2\LR2\LR2.cpp(25,33): warning C4566: character represented by universal-character-name '\u0438' cannot be represented in the current code page (1252)
C:\Users\Ivan\Documents\GitHub\InfoBes\LR2\LR2\LR2\LR2.cpp(25,33): warning C4566: character represented by universal-character-name '\u043F' cannot be represented in the current code page (1252)
C:\Users\Ivan\Documents\GitHub\InfoBes\LR2\LR2\LR2\LR2.cpp(25,33): warning C4566: character represented by universal-character-name '\u0432' cannot be represented in the current code page (1252)
C:\Users\Ivan\Documents\GitHub\InfoBes\LR2\LR2\LR2\LR2.cpp(25,33): warning C4566: character represented by universal-character-name '\u043B' cannot be represented in the current code page (1252)
C:\Users\Ivan\Documents\GitHub\InfoBes\LR2\LR2\LR2\LR2.cpp(25,33): warning C4566: character represented by universal-character-name '\u0437' cannot be represented in the current code page (1252)
C:\Users\Ivan\Documents\GitHub\InfoBes\LR2\LR2\LR2\LR2.cpp(25,33): warning C4566: character represented by universal-character-name '\u0441' cannot be represented in the current code page (1252)
C:\Users\Ivan\Documents\GitHub\InfoBes\LR2\LR2\LR2\LR2.cpp(25,33): warning C4566: character represented by universal-character-name '\u0434' cannot be represented in the current code page (1252)
C:\Users\Ivan\Documents\GitHub\InfoBes\LR2\LR2\LR2\LR2.cpp(25,33): warning C4566: character represented by universal-character-name '\u044F' cannot be represented in the current code page (1252)
C:\Users\Ivan\Documents\GitHub\InfoBes\LR2\LR2\LR2\LR2.cpp(25,33): warning C4566: character represented by universal-character-name '\u0431' cannot be represented in the current code page (1252)
C:\Users\Ivan\Documents\GitHub\InfoBes\LR2\LR2\LR2\LR2.cpp(25,33): warning C4566: character represented by universal-character-name '\u044A' cannot be represented in the current code page (1252)
C:\Users\Ivan\Documents\GitHub\InfoBes\LR2\LR2\LR2\LR2.cpp(25,33): warning C4566: character represented by universal-character-name '\u043A' cannot be represented in the current code page (1252)
C:\Users\Ivan\Documents\GitHub\InfoBes\LR2\LR2\LR2\LR2.cpp(25,33): warning C4566: character represented by universal-character-name '\u0442' cannot be represented in the current code page (1252)
C:\Users\Ivan\Documents\GitHub\InfoBes\LR2\LR2\LR2\LR2.cpp(25,122): warning C4566: character represented by universal-character-name '\u0438' cannot be represented in the current code page (1252)
C:\Users\Ivan\Documents\GitHub\InfoBes\LR2\LR2\LR2\LR2.cpp(25,122): warning C4566: character represented by universal-character-name '\u043E' cannot be represented in the current code page (1252)
C:\Users\Ivan\Documents\GitHub\InfoBes\LR2\LR2\LR2\LR2.cpp(25,122): warning C4566: character represented by universal-character-name '\u0431' cannot be represented in the current code page (1252)
C:\Users\Ivan\Documents\GitHub\InfoBes\LR2\LR2\LR2\LR2.cpp(25,122): warning C4566: character represented by universal-character-name '\u044A' cannot be represented in the current code page (1252)
C:\Users\Ivan\Documents\GitHub\InfoBes\LR2\LR2\LR2\LR2.cpp(25,122): warning C4566: character represented by universal-character-name '\u0435' cannot be represented in the current code page (1252)
C:\Users\Ivan\Documents\GitHub\InfoBes\LR2\LR2\LR2\LR2.cpp(25,122): warning C4566: character represented by universal-character-name '\u043A' cannot be represented in the current code page (1252)
C:\Users\Ivan\Documents\GitHub\InfoBes\LR2\LR2\LR2\LR2.cpp(25,122): warning C4566: character represented by universal-character-name '\u0442' cannot be represented in the current code page (1252)
C:\Users\Ivan\Documents\GitHub\InfoBes\LR2\LR2\LR2\LR2.cpp(25,122): warning C4566: character represented by universal-character-name '\u0430' cannot be represented in the current code page (1252)
C:\Users\Ivan\Documents\GitHub\InfoBes\LR2\LR2\LR2\LR2.cpp(38,13): warning C4566: character represented by universal-character-name '\u0412' cannot be represented in the current code page (1252)
C:\Users\Ivan\Documents\GitHub\InfoBes\LR2\LR2\LR2\LR2.cpp(38,13): warning C4566: character represented by universal-character-name '\u0432' cannot be represented in the current code page (1252)
C:\Users\Ivan\Documents\GitHub\InfoBes\LR2\LR2\LR2\LR2.cpp(38,13): warning C4566: character represented by universal-character-name '\u0435' cannot be represented in the current code page (1252)
C:\Users\Ivan\Documents\GitHub\InfoBes\LR2\LR2\LR2\LR2.cpp(38,13): warning C4566: character represented by universal-character-name '\u0434' cannot be represented in the current code page (1252)
C:\Users\Ivan\Documents\GitHub\InfoBes\LR2\LR2\LR2\LR2.cpp(38,13): warning C4566: character represented by universal-character-name '\u0438' cannot be represented in the current code page (1252)
C:\Users\Ivan\Documents\GitHub\InfoBes\LR2\LR2\LR2\LR2.cpp(38,13): warning C4566: character represented by universal-character-name '\u0442' cannot be represented in the current code page (1252)
C:\Users\Ivan\Documents\GitHub\InfoBes\LR2\LR2\LR2\LR2.cpp(38,13): warning C4566: character represented by universal-character-name '\u043A' cannot be represented in the current code page (1252)
C:\Users\Ivan\Documents\GitHub\InfoBes\LR2\LR2\LR2\LR2.cpp(38,13): warning C4566: character represented by universal-character-name '\u043E' cannot be represented in the current code page (1252)
C:\Users\Ivan\Documents\GitHub\InfoBes\LR2\LR2\LR2\LR2.cpp(38,13): warning C4566: character represented by universal-character-name '\u043B' cannot be represented in the current code page (1252)
C:\Users\Ivan\Documents\GitHub\InfoBes\LR2\LR2\LR2\LR2.cpp(38,13): warning C4566: character represented by universal-character-name '\u0447' cannot be represented in the current code page (1252)
C:\Users\Ivan\Documents\GitHub\InfoBes\LR2\LR2\LR2\LR2.cpp(38,13): warning C4566: character represented by universal-character-name '\u0441' cannot be represented in the current code page (1252)
C:\Users\Ivan\Documents\GitHub\InfoBes\LR2\LR2\LR2\LR2.cpp(38,13): warning C4566: character represented by universal-character-name '\u0443' cannot be represented in the current code page (1252)
C:\Users\Ivan\Documents\GitHub\InfoBes\LR2\LR2\LR2\LR2.cpp(38,13): warning C4566: character represented by universal-character-name '\u0431' cannot be represented in the current code page (1252)
C:\Users\Ivan\Documents\GitHub\InfoBes\LR2\LR2\LR2\LR2.cpp(38,13): warning C4566: character represented by universal-character-name '\u044A' cannot be represented in the current code page (1252)
C:\Users\Ivan\Documents\GitHub\InfoBes\LR2\LR2\LR2\LR2.cpp(40,13): warning C4566: character represented by universal-character-name '\u0412' cannot be represented in the current code page (1252)
C:\Users\Ivan\Documents\GitHub\InfoBes\LR2\LR2\LR2\LR2.cpp(40,13): warning C4566: character represented by universal-character-name '\u0432' cannot be represented in the current code page (1252)
C:\Users\Ivan\Documents\GitHub\InfoBes\LR2\LR2\LR2\LR2.cpp(40,13): warning C4566: character represented by universal-character-name '\u0435' cannot be represented in the current code page (1252)
C:\Users\Ivan\Documents\GitHub\InfoBes\LR2\LR2\LR2\LR2.cpp(40,13): warning C4566: character represented by universal-character-name '\u0434' cannot be represented in the current code page (1252)
C:\Users\Ivan\Documents\GitHub\InfoBes\LR2\LR2\LR2\LR2.cpp(40,13): warning C4566: character represented by universal-character-name '\u0438' cannot be represented in the current code page (1252)
C:\Users\Ivan\Documents\GitHub\InfoBes\LR2\LR2\LR2\LR2.cpp(40,13): warning C4566: character represented by universal-character-name '\u0442' cannot be represented in the current code page (1252)
C:\Users\Ivan\Documents\GitHub\InfoBes\LR2\LR2\LR2\LR2.cpp(40,13): warning C4566: character represented by universal-character-name '\u043A' cannot be represented in the current code page (1252)
C:\Users\Ivan\Documents\GitHub\InfoBes\LR2\LR2\LR2\LR2.cpp(40,13): warning C4566: character represented by universal-character-name '\u043E' cannot be represented in the current code page (1252)
C:\Users\Ivan\Documents\GitHub\InfoBes\LR2\LR2\LR2\LR2.cpp(40,13): warning C4566: character represented by universal-character-name '\u043B' cannot be represented in the current code page (1252)
C:\Users\Ivan\Documents\GitHub\InfoBes\LR2\LR2\LR2\LR2.cpp(40,13): warning C4566: character represented by universal-character-name '\u0447' cannot be represented in the current code page (1252)
C:\Users\Ivan\Documents\GitHub\InfoBes\LR2\LR2\LR2\LR2.cpp(40,13): warning C4566: character represented by universal-character-name '\u0441' cannot be represented in the current code page (1252)
C:\Users\Ivan\Documents\GitHub\InfoBes\LR2\LR2\LR2\LR2.cpp(40,13): warning C4566: character represented by universal-character-name '\u0431' cannot be represented in the current code page (1252)
C:\Users\Ivan\Documents\GitHub\InfoBes\LR2\LR2\LR2\LR2.cpp(40,13): warning C4566: character represented by universal-character-name '\u044A' cannot be represented in the current code page (1252)
C:\Users\Ivan\Documents\GitHub\InfoBes\LR2\LR2\LR2\LR2.cpp(47,13): warning C4566: character represented by universal-character-name '\u0412' cannot be represented in the current code page (1252)
C:\Users\Ivan\Documents\GitHub\InfoBes\LR2\LR2\LR2\LR2.cpp(47,13): warning C4566: character represented by universal-character-name '\u0432' cannot be represented in the current code page (1252)
C:\Users\Ivan\Documents\GitHub\InfoBes\LR2\LR2\LR2\LR2.cpp(47,13): warning C4566: character represented by universal-character-name '\u0435' cannot be represented in the current code page (1252)
C:\Users\Ivan\Documents\GitHub\InfoBes\LR2\LR2\LR2\LR2.cpp(47,13): warning C4566: character represented by universal-character-name '\u0434' cannot be represented in the current code page (1252)
C:\Users\Ivan\Documents\GitHub\InfoBes\LR2\LR2\LR2\LR2.cpp(47,13): warning C4566: character represented by universal-character-name '\u0438' cannot be represented in the current code page (1252)
C:\Users\Ivan\Documents\GitHub\InfoBes\LR2\LR2\LR2\LR2.cpp(47,13): warning C4566: character represented by universal-character-name '\u0442' cannot be represented in the current code page (1252)
C:\Users\Ivan\Documents\GitHub\InfoBes\LR2\LR2\LR2\LR2.cpp(47,13): warning C4566: character represented by universal-character-name '\u043C' cannot be represented in the current code page (1252)
C:\Users\Ivan\Documents\GitHub\InfoBes\LR2\LR2\LR2\LR2.cpp(47,13): warning C4566: character represented by universal-character-name '\u0430' cannot be represented in the current code page (1252)
C:\Users\Ivan\Documents\GitHub\InfoBes\LR2\LR2\LR2\LR2.cpp(47,13): warning C4566: character represented by universal-character-name '\u0440' cannot be represented in the current code page (1252)
C:\Users\Ivan\Documents\GitHub\InfoBes\LR2\LR2\LR2\LR2.cpp(47,13): warning C4566: character represented by universal-character-name '\u0446' cannot be represented in the current code page (1252)
C:\Users\Ivan\Documents\GitHub\InfoBes\LR2\LR2\LR2\LR2.cpp(47,13): warning C4566: character represented by universal-character-name '\u0443' cannot be represented in the current code page (1252)
C:\Users\Ivan\Documents\GitHub\InfoBes\LR2\LR2\LR2\LR2.cpp(47,13): warning C4566: character represented by universal-character-name '\u043F' cannot be represented in the current code page (1252)
C:\Users\Ivan\Documents\GitHub\InfoBes\LR2\LR2\LR2\LR2.cpp(47,13): warning C4566: character represented by universal-character-name '\u043E' cannot be represented in the current code page (1252)
C:\Users\Ivan\Documents\GitHub\InfoBes\LR2\LR2\LR2\LR2.cpp(47,13): warning C4566: character represented by universal-character-name '\u0441' cannot be represented in the current code page (1252)
C:\Users\Ivan\Documents\GitHub\InfoBes\LR2\LR2\LR2\LR2.cpp(47,13): warning C4566: character represented by universal-character-name '\u0437' cannot be represented in the current code page (1252)
C:\Users\Ivan\Documents\GitHub\InfoBes\LR2\LR2\LR2\LR2.cpp(56,13): warning C4566: character represented by universal-character-name '\u0412' cannot be represented in the current code page (1252)
C:\Users\Ivan\Documents\GitHub\InfoBes\LR2\LR2\LR2\LR2.cpp(56,13): warning C4566: character represented by universal-character-name '\u0432' cannot be represented in the current code page (1252)
C:\Users\Ivan\Documents\GitHub\InfoBes\LR2\LR2\LR2\LR2.cpp(56,13): warning C4566: character represented by universal-character-name '\u0435' cannot be represented in the current code page (1252)
C:\Users\Ivan\Documents\GitHub\InfoBes\LR2\LR2\LR2\LR2.cpp(56,13): warning C4566: character represented by universal-character-name '\u0434' cannot be represented in the current code page (1252)
C:\Users\Ivan\Documents\GitHub\InfoBes\LR2\LR2\LR2\LR2.cpp(56,13): warning C4566: character represented by universal-character-name '\u0438' cannot be represented in the current code page (1252)
C:\Users\Ivan\Documents\GitHub\InfoBes\LR2\LR2\LR2\LR2.cpp(56,13): warning C4566: character represented by universal-character-name '\u0442' cannot be represented in the current code page (1252)
C:\Users\Ivan\Documents\GitHub\InfoBes\LR2\LR2\LR2\LR2.cpp(56,13): warning C4566: character represented by universal-character-name '\u0443' cannot be represented in the current code page (1252)
C:\Users\Ivan\Documents\GitHub\InfoBes\LR2\LR2\LR2\LR2.cpp(56,13): warning C4566: character represented by universal-character-name '\u0440' cannot be represented in the current code page (1252)
C:\Users\Ivan\Documents\GitHub\InfoBes\LR2\LR2\LR2\LR2.cpp(56,13): warning C4566: character represented by universal-character-name '\u043E' cannot be represented in the current code page (1252)
C:\Users\Ivan\Documents\GitHub\InfoBes\LR2\LR2\LR2\LR2.cpp(56,13): warning C4566: character represented by universal-character-name '\u043D' cannot be represented in the current code page (1252)
C:\Users\Ivan\Documents\GitHub\InfoBes\LR2\LR2\LR2\LR2.cpp(56,13): warning C4566: character represented by universal-character-name '\u043F' cannot be represented in the current code page (1252)
C:\Users\Ivan\Documents\GitHub\InfoBes\LR2\LR2\LR2\LR2.cpp(56,13): warning C4566: character represented by universal-character-name '\u0441' cannot be represented in the current code page (1252)
C:\Users\Ivan\Documents\GitHub\InfoBes\LR2\LR2\LR2\LR2.cpp(56,13): warning C4566: character represented by universal-character-name '\u043A' cannot be represented in the current code page (1252)
C:\Users\Ivan\Documents\GitHub\InfoBes\LR2\LR2\LR2\LR2.cpp(56,13): warning C4566: character represented by universal-character-name '\u0430' cannot be represented in the current code page (1252)
C:\Users\Ivan\Documents\GitHub\InfoBes\LR2\LR2\LR2\LR2.cpp(56,13): warning C4566: character represented by universal-character-name '\u0431' cannot be represented in the current code page (1252)
C:\Users\Ivan\Documents\GitHub\InfoBes\LR2\LR2\LR2\LR2.cpp(56,13): warning C4566: character represented by universal-character-name '\u044A' cannot be represented in the current code page (1252)
C:\Users\Ivan\Documents\GitHub\InfoBes\LR2\LR2\LR2\LR2.cpp(56,13): warning C4566: character represented by universal-character-name '\u0437' cannot be represented in the current code page (1252)
C:\Users\Ivan\Documents\GitHub\InfoBes\LR2\LR2\LR2\LR2.cpp(56,13): warning C4566: character represented by universal-character-name '\u043C' cannot be represented in the current code page (1252)
C:\Users\Ivan\Documents\GitHub\InfoBes\LR2\LR2\LR2\LR2.cpp(63,13): warning C4566: character represented by universal-character-name '\u0412' cannot be represented in the current code page (1252)
C:\Users\Ivan\Documents\GitHub\InfoBes\LR2\LR2\LR2\LR2.cpp(63,13): warning C4566: character represented by universal-character-name '\u0432' cannot be represented in the current code page (1252)
C:\Users\Ivan\Documents\GitHub\InfoBes\LR2\LR2\LR2\LR2.cpp(63,13): warning C4566: character represented by universal-character-name '\u0435' cannot be represented in the current code page (1252)
C:\Users\Ivan\Documents\GitHub\InfoBes\LR2\LR2\LR2\LR2.cpp(63,13): warning C4566: character represented by universal-character-name '\u0434' cannot be represented in the current code page (1252)
C:\Users\Ivan\Documents\GitHub\InfoBes\LR2\LR2\LR2\LR2.cpp(63,13): warning C4566: character represented by universal-character-name '\u0438' cannot be represented in the current code page (1252)
C:\Users\Ivan\Documents\GitHub\InfoBes\LR2\LR2\LR2\LR2.cpp(63,13): warning C4566: character represented by universal-character-name '\u0442' cannot be represented in the current code page (1252)
C:\Users\Ivan\Documents\GitHub\InfoBes\LR2\LR2\LR2\LR2.cpp(63,13): warning C4566: character represented by universal-character-name '\u0443' cannot be represented in the current code page (1252)
C:\Users\Ivan\Documents\GitHub\InfoBes\LR2\LR2\LR2\LR2.cpp(63,13): warning C4566: character represented by universal-character-name '\u0440' cannot be represented in the current code page (1252)
C:\Users\Ivan\Documents\GitHub\InfoBes\LR2\LR2\LR2\LR2.cpp(63,13): warning C4566: character represented by universal-character-name '\u043E' cannot be represented in the current code page (1252)
C:\Users\Ivan\Documents\GitHub\InfoBes\LR2\LR2\LR2\LR2.cpp(63,13): warning C4566: character represented by universal-character-name '\u043D' cannot be represented in the current code page (1252)
C:\Users\Ivan\Documents\GitHub\InfoBes\LR2\LR2\LR2\LR2.cpp(63,13): warning C4566: character represented by universal-character-name '\u0441' cannot be represented in the current code page (1252)
C:\Users\Ivan\Documents\GitHub\InfoBes\LR2\LR2\LR2\LR2.cpp(63,13): warning C4566: character represented by universal-character-name '\u043A' cannot be represented in the current code page (1252)
C:\Users\Ivan\Documents\GitHub\InfoBes\LR2\LR2\LR2\LR2.cpp(63,13): warning C4566: character represented by universal-character-name '\u0431' cannot be represented in the current code page (1252)
C:\Users\Ivan\Documents\GitHub\InfoBes\LR2\LR2\LR2\LR2.cpp(63,13): warning C4566: character represented by universal-character-name '\u044A' cannot be represented in the current code page (1252)
C:\Users\Ivan\Documents\GitHub\InfoBes\LR2\LR2\LR2\LR2.cpp(63,13): warning C4566: character represented by universal-character-name '\u0430' cannot be represented in the current code page (1252)
C:\Users\Ivan\Documents\GitHub\InfoBes\LR2\LR2\LR2\LR2.cpp(63,13): warning C4566: character represented by universal-character-name '\u0437' cannot be represented in the current code page (1252)
C:\Users\Ivan\Documents\GitHub\InfoBes\LR2\LR2\LR2\LR2.cpp(63,13): warning C4566: character represented by universal-character-name '\u043C' cannot be represented in the current code page (1252)
C:\Users\Ivan\Documents\GitHub\InfoBes\LR2\LR2\LR2\LR2.cpp(71,17): warning C4566: character represented by universal-character-name '\u0421' cannot be represented in the current code page (1252)
C:\Users\Ivan\Documents\GitHub\InfoBes\LR2\LR2\LR2\LR2.cpp(71,17): warning C4566: character represented by universal-character-name '\u0438' cannot be represented in the current code page (1252)
C:\Users\Ivan\Documents\GitHub\InfoBes\LR2\LR2\LR2\LR2.cpp(71,17): warning C4566: character represented by universal-character-name '\u0441' cannot be represented in the current code page (1252)
C:\Users\Ivan\Documents\GitHub\InfoBes\LR2\LR2\LR2\LR2.cpp(71,17): warning C4566: character represented by universal-character-name '\u0442' cannot be represented in the current code page (1252)
C:\Users\Ivan\Documents\GitHub\InfoBes\LR2\LR2\LR2\LR2.cpp(71,17): warning C4566: character represented by universal-character-name '\u0435' cannot be represented in the current code page (1252)
C:\Users\Ivan\Documents\GitHub\InfoBes\LR2\LR2\LR2\LR2.cpp(71,17): warning C4566: character represented by universal-character-name '\u043C' cannot be represented in the current code page (1252)
C:\Users\Ivan\Documents\GitHub\InfoBes\LR2\LR2\LR2\LR2.cpp(71,17): warning C4566: character represented by universal-character-name '\u0430' cannot be represented in the current code page (1252)
C:\Users\Ivan\Documents\GitHub\InfoBes\LR2\LR2\LR2\LR2.cpp(71,17): warning C4566: character represented by universal-character-name '\u043E' cannot be represented in the current code page (1252)
C:\Users\Ivan\Documents\GitHub\InfoBes\LR2\LR2\LR2\LR2.cpp(71,17): warning C4566: character represented by universal-character-name '\u0432' cannot be represented in the current code page (1252)
C:\Users\Ivan\Documents\GitHub\InfoBes\LR2\LR2\LR2\LR2.cpp(71,17): warning C4566: character represented by universal-character-name '\u0443' cannot be represented in the current code page (1252)
C:\Users\Ivan\Documents\GitHub\InfoBes\LR2\LR2\LR2\LR2.cpp(71,17): warning C4566: character represented by universal-character-name '\u043A' cannot be represented in the current code page (1252)
C:\Users\Ivan\Documents\GitHub\InfoBes\LR2\LR2\LR2\LR2.cpp(71,17): warning C4566: character represented by universal-character-name '\u0440' cannot be represented in the current code page (1252)
C:\Users\Ivan\Documents\GitHub\InfoBes\LR2\LR2\LR2\LR2.cpp(71,17): warning C4566: character represented by universal-character-name '\u044E' cannot be represented in the current code page (1252)
C:\Users\Ivan\Documents\GitHub\InfoBes\LR2\LR2\LR2\LR2.cpp(71,17): warning C4566: character represented by universal-character-name '\u0431' cannot be represented in the current code page (1252)
C:\Users\Ivan\Documents\GitHub\InfoBes\LR2\LR2\LR2\LR2.cpp(71,17): warning C4566: character represented by universal-character-name '\u0437' cannot be represented in the current code page (1252)
C:\Users\Ivan\Documents\GitHub\InfoBes\LR2\LR2\LR2\LR2.cpp(71,17): warning C4566: character represented by universal-character-name '\u043F' cannot be represented in the current code page (1252)
C:\Users\Ivan\Documents\GitHub\InfoBes\LR2\LR2\LR2\LR2.cpp(71,17): warning C4566: character represented by universal-character-name '\u043D' cannot be represented in the current code page (1252)
C:\Users\Ivan\Documents\GitHub\InfoBes\LR2\LR2\LR2\LR2.cpp(71,17): warning C4566: character represented by universal-character-name '\u0411' cannot be represented in the current code page (1252)
C:\Users\Ivan\Documents\GitHub\InfoBes\LR2\LR2\LR2\LR2.cpp(71,17): warning C4566: character represented by universal-character-name '\u043B' cannot be represented in the current code page (1252)
C:\Users\Ivan\Documents\GitHub\InfoBes\LR2\LR2\LR2\LR2.cpp(71,17): warning C4566: character represented by universal-character-name '\u041B' cannot be represented in the current code page (1252)
C:\Users\Ivan\Documents\GitHub\InfoBes\LR2\LR2\LR2\LR2.cpp(71,17): warning C4566: character represented by universal-character-name '\u0434' cannot be represented in the current code page (1252)
C:\Users\Ivan\Documents\GitHub\InfoBes\LR2\LR2\LR2\LR2.cpp(71,17): warning C4566: character represented by universal-character-name '\u044B' cannot be represented in the current code page (1252)
C:\Users\Ivan\Documents\GitHub\InfoBes\LR2\LR2\LR2\LR2.cpp(74,17): warning C4566: character represented by universal-character-name '\u0421' cannot be represented in the current code page (1252)
C:\Users\Ivan\Documents\GitHub\InfoBes\LR2\LR2\LR2\LR2.cpp(74,17): warning C4566: character represented by universal-character-name '\u0438' cannot be represented in the current code page (1252)
C:\Users\Ivan\Documents\GitHub\InfoBes\LR2\LR2\LR2\LR2.cpp(74,17): warning C4566: character represented by universal-character-name '\u0441' cannot be represented in the current code page (1252)
C:\Users\Ivan\Documents\GitHub\InfoBes\LR2\LR2\LR2\LR2.cpp(74,17): warning C4566: character represented by universal-character-name '\u0442' cannot be represented in the current code page (1252)
C:\Users\Ivan\Documents\GitHub\InfoBes\LR2\LR2\LR2\LR2.cpp(74,17): warning C4566: character represented by universal-character-name '\u0435' cannot be represented in the current code page (1252)
C:\Users\Ivan\Documents\GitHub\InfoBes\LR2\LR2\LR2\LR2.cpp(74,17): warning C4566: character represented by universal-character-name '\u043C' cannot be represented in the current code page (1252)
C:\Users\Ivan\Documents\GitHub\InfoBes\LR2\LR2\LR2\LR2.cpp(74,17): warning C4566: character represented by universal-character-name '\u0430' cannot be represented in the current code page (1252)
C:\Users\Ivan\Documents\GitHub\InfoBes\LR2\LR2\LR2\LR2.cpp(74,17): warning C4566: character represented by universal-character-name '\u043D' cannot be represented in the current code page (1252)
C:\Users\Ivan\Documents\GitHub\InfoBes\LR2\LR2\LR2\LR2.cpp(74,17): warning C4566: character represented by universal-character-name '\u043E' cannot be represented in the current code page (1252)
C:\Users\Ivan\Documents\GitHub\InfoBes\LR2\LR2\LR2\LR2.cpp(74,17): warning C4566: character represented by universal-character-name '\u0432' cannot be represented in the current code page (1252)
C:\Users\Ivan\Documents\GitHub\InfoBes\LR2\LR2\LR2\LR2.cpp(74,17): warning C4566: character represented by universal-character-name '\u0443' cannot be represented in the current code page (1252)
C:\Users\Ivan\Documents\GitHub\InfoBes\LR2\LR2\LR2\LR2.cpp(74,17): warning C4566: character represented by universal-character-name '\u043A' cannot be represented in the current code page (1252)
C:\Users\Ivan\Documents\GitHub\InfoBes\LR2\LR2\LR2\LR2.cpp(74,17): warning C4566: character represented by universal-character-name '\u0440' cannot be represented in the current code page (1252)
C:\Users\Ivan\Documents\GitHub\InfoBes\LR2\LR2\LR2\LR2.cpp(74,17): warning C4566: character represented by universal-character-name '\u044E' cannot be represented in the current code page (1252)
C:\Users\Ivan\Documents\GitHub\InfoBes\LR2\LR2\LR2\LR2.cpp(74,17): warning C4566: character represented by universal-character-name '\u0431' cannot be represented in the current code page (1252)
C:\Users\Ivan\Documents\GitHub\InfoBes\LR2\LR2\LR2\LR2.cpp(74,17): warning C4566: character represented by universal-character-name '\u0437' cannot be represented in the current code page (1252)
C:\Users\Ivan\Documents\GitHub\InfoBes\LR2\LR2\LR2\LR2.cpp(74,17): warning C4566: character represented by universal-character-name '\u043F' cannot be represented in the current code page (1252)
C:\Users\Ivan\Documents\GitHub\InfoBes\LR2\LR2\LR2\LR2.cpp(74,17): warning C4566: character represented by universal-character-name '\u0411' cannot be represented in the current code page (1252)
C:\Users\Ivan\Documents\GitHub\InfoBes\LR2\LR2\LR2\LR2.cpp(74,17): warning C4566: character represented by universal-character-name '\u043B' cannot be represented in the current code page (1252)
C:\Users\Ivan\Documents\GitHub\InfoBes\LR2\LR2\LR2\LR2.cpp(74,17): warning C4566: character represented by universal-character-name '\u041B' cannot be represented in the current code page (1252)
C:\Users\Ivan\Documents\GitHub\InfoBes\LR2\LR2\LR2\LR2.cpp(74,17): warning C4566: character represented by universal-character-name '\u0434' cannot be represented in the current code page (1252)
C:\Users\Ivan\Documents\GitHub\InfoBes\LR2\LR2\LR2\LR2.cpp(74,17): warning C4566: character represented by universal-character-name '\u044B' cannot be represented in the current code page (1252)
  LR2.vcxproj -> C:\Users\Ivan\Documents\GitHub\InfoBes\LR2\LR2\x64\Debug\LR2.exe
